[2026-04-07T20:21:36.466Z] GET https://stackoverflow.com/search?q=%5Bpython%5D+AI+agent+audit+trail+is%3Aquestion&searchOn=3 → 307 (148ms, ?B)
[2026-04-07T20:21:36.616Z] GET https://stackoverflow.com/search?q=%5Bpython%5D+AI+agent+audit+trail+is%3Aquestion&searchOn=3 → 403 (17ms, 5664B)
[2026-04-07T20:21:36.724Z] GET https://stackoverflow.com/cdn-cgi/challenge-platform/h/b/orchestrate/chl_page/v1?ray=9e8bbd57de89fe93 → 200 (32ms, 185340B)
[2026-04-07T20:21:36.768Z] GET blob:https://stackoverflow.com/01b49ed8-5860-41bb-b4d8-e8b3cdb90ee2 → pending (?ms, ?B)
[2026-04-07T20:21:36.784Z] GET https://challenges.cloudflare.com/turnstile/v0/b/625261456364/api.js?onload=OBvX9&render=explicit → 200 (46ms, 52567B)
[2026-04-07T20:21:36.930Z] POST https://stackoverflow.com/cdn-cgi/challenge-platform/h/b/flow/ov1/381235351:1775589140:z0IKCrJuPGaa6-E2hqTfBzPz6_NJK5_D-7VAH_F7g4M/9e8bbd57de89fe93/WSgW1i9P108rl_uNUDukL_mpqrcP0JcwvBrckFZjIPI-1775593296-1.2.1.1-WMzCpm5IX8dp0bpwvky2Ibge.l9l8R6mC0o3xMtE8bkGpnxrbxDe0KMOYax9lDeG → 200 (26ms, 17216B)
[2026-04-07T20:21:36.967Z] GET blob:https://stackoverflow.com/1c9158a8-f099-4be4-8d57-36f60eb79e89 → 200 (25ms, 80B)
[2026-04-07T20:21:36.980Z] GET https://challenges.cloudflare.com/cdn-cgi/challenge-platform/h/b/turnstile/f/ov2/av0/rch/nvy8r/0x4AAAAAAADnPIDROrmt1Wwj/light/fbE/new/normal?lang=auto → 200 (46ms, ?B)
[2026-04-07T20:21:37.146Z] GET https://challenges.cloudflare.com/cdn-cgi/challenge-platform/h/b/cmg/1 → 200 (3ms, 86B)
[2026-04-07T20:21:37.164Z] GET blob:https://challenges.cloudflare.com/85e274b5-af76-41c2-9d36-00d213241f8e → pending (?ms, ?B)
[2026-04-07T20:21:37.368Z] POST https://challenges.cloudflare.com/cdn-cgi/challenge-platform/h/b/flow/ov1/2256475961:1775589142:BnJTZhu0g1E1Z7A7aiyrNI3TQksJZSaAwz2gp8fl4YU/9e8bbd5a4b3fb660/IOmMCqgNM3c59fRstvVzvJfsjy_PFapo0tGrKjDQFuw-1775593297-1.2.1.1-RWyes9jkjvymZKk3CLrYttpI1skIz0eZ23Qpaq_fSP5.WyX3tDD.GUJBEYSg916L → 200 (109ms, ?B)
[2026-04-07T20:21:37.689Z] GET blob:https://challenges.cloudflare.com/37ef78ba-15c0-45e3-aaa2-c00ec985dc70 → pending (?ms, ?B)
[2026-04-07T20:21:40.882Z] GET https://challenges.cloudflare.com/cdn-cgi/challenge-platform/h/b/d/9e8bbd5a4b3fb660/1775593297383/bFPrhOsRWTb9OFi → 200 (51ms, 1224B)
[2026-04-07T20:21:41.256Z] GET blob:https://challenges.cloudflare.com/37ef78ba-15c0-45e3-aaa2-c00ec985dc70 → 200 (37ms, ?B)
[2026-04-07T20:21:41.311Z] GET https://challenges.cloudflare.com/cdn-cgi/challenge-platform/h/b/pat/9e8bbd5a4b3fb660/1775593297383/0b22bb728bc62fa9e3265b6a087ef17204c4e33a1ea15851464fad3f2af03cb9/awOyAFKQifa9szd → 401 (8ms, ?B)
[2026-04-07T20:21:43.378Z] POST https://challenges.cloudflare.com/cdn-cgi/challenge-platform/h/b/flow/ov1/2256475961:1775589142:BnJTZhu0g1E1Z7A7aiyrNI3TQksJZSaAwz2gp8fl4YU/9e8bbd5a4b3fb660/IOmMCqgNM3c59fRstvVzvJfsjy_PFapo0tGrKjDQFuw-1775593297-1.2.1.1-RWyes9jkjvymZKk3CLrYttpI1skIz0eZ23Qpaq_fSP5.WyX3tDD.GUJBEYSg916L → 200 (49ms, 29800B)
[2026-04-07T20:21:43.439Z] GET blob:https://challenges.cloudflare.com/06013bf6-b7b9-43d9-be50-d89790f937a2 → 200 (18ms, 80B)
[2026-04-07T20:23:43.577Z] POST https://stackoverflow.com/cdn-cgi/challenge-platform/h/b/flow/ov1/381235351:1775589140:z0IKCrJuPGaa6-E2hqTfBzPz6_NJK5_D-7VAH_F7g4M/9e8bbd57de89fe93/WSgW1i9P108rl_uNUDukL_mpqrcP0JcwvBrckFZjIPI-1775593296-1.2.1.1-WMzCpm5IX8dp0bpwvky2Ibge.l9l8R6mC0o3xMtE8bkGpnxrbxDe0KMOYax9lDeG → 200 (80ms, 3040B)
[2026-04-07T20:23:45.658Z] GET https://stackoverflow.com/search?q=%5Bpython%5D+AI+agent+audit+trail+is%3Aquestion&searchOn=3 → 403 (121ms, 5750B)
[2026-04-07T20:23:45.782Z] GET https://stackoverflow.com/cdn-cgi/challenge-platform/h/b/orchestrate/chl_page/v1?ray=9e8bc07eadb0fe93 → 200 (6ms, 198360B)
[2026-04-07T20:23:45.812Z] GET blob:https://stackoverflow.com/6d15b2c9-bddd-40d7-83de-05170ae38dc1 → pending (?ms, ?B)
[2026-04-07T20:23:45.835Z] GET https://challenges.cloudflare.com/turnstile/v0/b/625261456364/api.js?onload=OBvX9&render=explicit → 200 (?ms, 52567B)
[2026-04-07T20:23:46.004Z] POST https://stackoverflow.com/cdn-cgi/challenge-platform/h/b/flow/ov1/2571722764:1775592968:VCvsIy4c9BV9gvCzK6yasLc1ZjO0T_orBGQwdYjJpgw/9e8bc07eadb0fe93/1QkzREzTd3Y7Ktj.tuCEkLKECKtdpgbxjTBYqgyxWMk-1775593425-1.2.1.1-6fbtmm8yQ.8q5PhYH3NCnpuMvvzQrEe7bheorLck3aplLQWaLTx3Dfw_uV66fnEm → 200 (46ms, 17228B)
[2026-04-07T20:23:46.047Z] GET blob:https://stackoverflow.com/889bcc43-12ef-4b60-afb2-3ce0eefc904b → 200 (17ms, 80B)
[2026-04-07T20:23:46.054Z] GET https://challenges.cloudflare.com/cdn-cgi/challenge-platform/h/b/turnstile/f/ov2/av0/rch/3slwm/0x4AAAAAAADnPIDROrmt1Wwj/light/fbE/new/normal?lang=auto → pending (?ms, ?B)
[2026-04-07T20:23:46.200Z] GET https://challenges.cloudflare.com/cdn-cgi/challenge-platform/h/b/cmg/1 → 200 (77ms, 86B)
[2026-04-07T20:23:46.217Z] GET blob:https://challenges.cloudflare.com/8391f841-e530-4c0e-a760-7ac338d573a2 → pending (?ms, ?B)
[2026-04-07T20:23:46.405Z] POST https://challenges.cloudflare.com/cdn-cgi/challenge-platform/h/b/flow/ov1/2256475961:1775589142:BnJTZhu0g1E1Z7A7aiyrNI3TQksJZSaAwz2gp8fl4YU/9e8bc080d8a0f18a/gA.a5VzJ4KF6fUrguVpXSpj4dqUYI968TV73eQ5tIXM-1775593426-1.2.1.1-UajvC0shNzUf.qUUZEeh5bgb8KEoG272XCHAmwRRiq0lfCdEmq9otmH0R.1hZXr_ → 200 (116ms, 377280B)
[2026-04-07T20:23:46.667Z] GET blob:https://challenges.cloudflare.com/89405a99-d7d6-4615-872e-22b62b644c66 → 200 (99ms, ?B)
[2026-04-07T20:23:46.822Z] GET blob:https://challenges.cloudflare.com/89405a99-d7d6-4615-872e-22b62b644c66 → 200 (103ms, ?B)
[2026-04-07T20:23:46.822Z] GET blob:https://challenges.cloudflare.com/89405a99-d7d6-4615-872e-22b62b644c66 → 200 (102ms, ?B)
[2026-04-07T20:23:46.822Z] GET blob:https://challenges.cloudflare.com/89405a99-d7d6-4615-872e-22b62b644c66 → 200 (101ms, ?B)
[2026-04-07T20:23:46.822Z] GET blob:https://challenges.cloudflare.com/89405a99-d7d6-4615-872e-22b62b644c66 → 200 (100ms, ?B)
[2026-04-07T20:23:46.823Z] GET blob:https://challenges.cloudflare.com/89405a99-d7d6-4615-872e-22b62b644c66 → 200 (85ms, ?B)
[2026-04-07T20:23:46.825Z] GET blob:https://challenges.cloudflare.com/89405a99-d7d6-4615-872e-22b62b644c66 → 200 (82ms, 80B)
[2026-04-07T20:23:47.916Z] GET https://challenges.cloudflare.com/cdn-cgi/challenge-platform/h/b/d/9e8bc080d8a0f18a/1775593426420/LAryNEkL2yfBVZM → 200 (14ms, 3275B)
[2026-04-07T20:23:48.026Z] GET https://challenges.cloudflare.com/cdn-cgi/challenge-platform/h/b/pat/9e8bc080d8a0f18a/1775593426421/0f657f9572038b5b0f3ce01673a44307aa9025b264055ab9d591ec40da651027/ghtyTGjT7Q_WZXs → 401 (5ms, ?B)
[2026-04-07T20:23:48.347Z] GET blob:https://challenges.cloudflare.com/89405a99-d7d6-4615-872e-22b62b644c66 → 200 (20ms, 80B)
[2026-04-07T20:23:48.720Z] POST https://challenges.cloudflare.com/cdn-cgi/challenge-platform/h/b/flow/ov1/2256475961:1775589142:BnJTZhu0g1E1Z7A7aiyrNI3TQksJZSaAwz2gp8fl4YU/9e8bc080d8a0f18a/gA.a5VzJ4KF6fUrguVpXSpj4dqUYI968TV73eQ5tIXM-1775593426-1.2.1.1-UajvC0shNzUf.qUUZEeh5bgb8KEoG272XCHAmwRRiq0lfCdEmq9otmH0R.1hZXr_ → 200 (148ms, 29788B)
[2026-04-07T20:23:48.862Z] GET blob:https://challenges.cloudflare.com/222323b2-961d-43c1-b596-16ffd3974e61 → 200 (9ms, 80B)
[2026-04-07T20:25:48.964Z] POST https://stackoverflow.com/cdn-cgi/challenge-platform/h/b/flow/ov1/2571722764:1775592968:VCvsIy4c9BV9gvCzK6yasLc1ZjO0T_orBGQwdYjJpgw/9e8bc07eadb0fe93/1QkzREzTd3Y7Ktj.tuCEkLKECKtdpgbxjTBYqgyxWMk-1775593425-1.2.1.1-6fbtmm8yQ.8q5PhYH3NCnpuMvvzQrEe7bheorLck3aplLQWaLTx3Dfw_uV66fnEm → 200 (24ms, 3040B)
[2026-04-07T20:25:52.977Z] GET https://stackoverflow.com/search?q=%5Bpython%5D+AI+agent+audit+trail+is%3Aquestion&searchOn=3 → 403 (22ms, 5750B)
[2026-04-07T20:25:53.008Z] GET https://stackoverflow.com/cdn-cgi/challenge-platform/h/b/orchestrate/chl_page/v1?ray=9e8bc39a1dd3fe93 → 200 (111ms, ?B)
[2026-04-07T20:25:53.127Z] GET blob:https://stackoverflow.com/9bd90d43-6492-43ba-9b57-b1f951f2aabf → pending (?ms, ?B)
[2026-04-07T20:25:53.138Z] GET https://challenges.cloudflare.com/turnstile/v0/b/625261456364/api.js?onload=OBvX9&render=explicit → 200 (?ms, ?B)
[2026-04-07T20:25:53.292Z] POST https://stackoverflow.com/cdn-cgi/challenge-platform/h/b/flow/ov1/381235351:1775589140:z0IKCrJuPGaa6-E2hqTfBzPz6_NJK5_D-7VAH_F7g4M/9e8bc39a1dd3fe93/gPtzKr7RFdPCwxJgScn4Tk.hcNgJFw0Psk1kySLGt4c-1775593552-1.2.1.1-6lDUBz09whvnJEEIdVHzZLl6IGDjMN8eoBGZ_7hQmArOhwisVckSbittae5lJwfk → 200 (43ms, 17228B)
[2026-04-07T20:25:53.327Z] GET blob:https://stackoverflow.com/5366a51f-841b-4a4b-a2da-5bf6947f1c5c → 200 (17ms, 80B)
[2026-04-07T20:25:53.338Z] GET https://challenges.cloudflare.com/cdn-cgi/challenge-platform/h/b/turnstile/f/ov2/av0/rch/8cjt5/0x4AAAAAAADnPIDROrmt1Wwj/light/fbE/new/normal?lang=auto → 200 (31ms, 244273B)
[2026-04-07T20:25:53.471Z] GET https://challenges.cloudflare.com/cdn-cgi/challenge-platform/h/b/cmg/1 → 200 (63ms, 86B)
[2026-04-07T20:25:53.490Z] GET blob:https://challenges.cloudflare.com/218320e1-f23a-4ebd-a323-1265ed41b2ca → pending (?ms, ?B)
[2026-04-07T20:25:53.660Z] POST https://challenges.cloudflare.com/cdn-cgi/challenge-platform/h/b/flow/ov1/2256475961:1775589142:BnJTZhu0g1E1Z7A7aiyrNI3TQksJZSaAwz2gp8fl4YU/9e8bc39c6e50fba7/BmbM3fTkK7pR.7pTKDmaqiG0WBRBDI550qU8_sZ8uQA-1775593553-1.2.1.1-hgDFToF9iBrHUXutWHSHuXaCYsyG4BTwwwzhIbdFtLW.6oPn0XWrAx1mI4N.HojO → 200 (103ms, 408408B)
[2026-04-07T20:25:53.864Z] GET blob:https://challenges.cloudflare.com/5870b054-790f-4c8a-a3d8-4558579b3377 → 200 (89ms, 80B)
[2026-04-07T20:25:53.978Z] GET https://challenges.cloudflare.com/cdn-cgi/challenge-platform/h/b/pat/9e8bc39c6e50fba7/1775593553671/9a9f78802154a496a2ea78188ac0925cfa1e6c92c38369c25516d2e20685d49d/TwROoM1l3o88Dlw → 401 (14ms, 1B)
[2026-04-07T20:25:54.100Z] GET blob:https://challenges.cloudflare.com/5870b054-790f-4c8a-a3d8-4558579b3377 → 200 (18ms, 80B)
[2026-04-07T20:25:55.847Z] GET https://challenges.cloudflare.com/cdn-cgi/challenge-platform/h/b/d/9e8bc39c6e50fba7/1775593553672/zF0uXliD1EAgri7 → 200 (10ms, 1083B)
[2026-04-07T20:25:55.861Z] GET blob:https://challenges.cloudflare.com/5870b054-790f-4c8a-a3d8-4558579b3377 → pending (?ms, ?B)
[2026-04-07T20:25:55.861Z] GET blob:https://challenges.cloudflare.com/5870b054-790f-4c8a-a3d8-4558579b3377 → pending (?ms, ?B)
[2026-04-07T20:25:55.862Z] GET blob:https://challenges.cloudflare.com/5870b054-790f-4c8a-a3d8-4558579b3377 → pending (?ms, ?B)
[2026-04-07T20:25:55.862Z] GET blob:https://challenges.cloudflare.com/5870b054-790f-4c8a-a3d8-4558579b3377 → 200 (19ms, ?B)
[2026-04-07T20:25:55.863Z] GET blob:https://challenges.cloudflare.com/5870b054-790f-4c8a-a3d8-4558579b3377 → 200 (16ms, ?B)
[2026-04-07T20:25:55.869Z] GET blob:https://challenges.cloudflare.com/5870b054-790f-4c8a-a3d8-4558579b3377 → 200 (10ms, ?B)
[2026-04-07T20:25:56.474Z] POST https://challenges.cloudflare.com/cdn-cgi/challenge-platform/h/b/flow/ov1/2256475961:1775589142:BnJTZhu0g1E1Z7A7aiyrNI3TQksJZSaAwz2gp8fl4YU/9e8bc39c6e50fba7/BmbM3fTkK7pR.7pTKDmaqiG0WBRBDI550qU8_sZ8uQA-1775593553-1.2.1.1-hgDFToF9iBrHUXutWHSHuXaCYsyG4BTwwwzhIbdFtLW.6oPn0XWrAx1mI4N.HojO → 200 (40ms, 29840B)
[2026-04-07T20:25:56.523Z] GET blob:https://challenges.cloudflare.com/95ee091f-ed01-4672-ba54-ea1ba67ed051 → 200 (11ms, 80B)
[2026-04-07T20:27:56.649Z] POST https://stackoverflow.com/cdn-cgi/challenge-platform/h/b/flow/ov1/381235351:1775589140:z0IKCrJuPGaa6-E2hqTfBzPz6_NJK5_D-7VAH_F7g4M/9e8bc39a1dd3fe93/gPtzKr7RFdPCwxJgScn4Tk.hcNgJFw0Psk1kySLGt4c-1775593552-1.2.1.1-6lDUBz09whvnJEEIdVHzZLl6IGDjMN8eoBGZ_7hQmArOhwisVckSbittae5lJwfk → 200 (12ms, 3040B)
[2026-04-07T20:28:04.658Z] GET https://stackoverflow.com/search?q=%5Bpython%5D+AI+agent+audit+trail+is%3Aquestion&searchOn=3 → 403 (70ms, 5750B)
[2026-04-07T20:28:04.738Z] GET https://stackoverflow.com/cdn-cgi/challenge-platform/h/b/orchestrate/chl_page/v1?ray=9e8bc6d16f22fe93 → 200 (36ms, 195910B)
[2026-04-07T20:28:04.783Z] GET blob:https://stackoverflow.com/23149818-0c20-4e6e-a0bc-74515045e2ec → pending (?ms, ?B)
[2026-04-07T20:28:04.795Z] GET https://challenges.cloudflare.com/turnstile/v0/b/625261456364/api.js?onload=OBvX9&render=explicit → 200 (1ms, 52567B)
[2026-04-07T20:28:04.958Z] POST https://stackoverflow.com/cdn-cgi/challenge-platform/h/b/flow/ov1/381235351:1775589140:z0IKCrJuPGaa6-E2hqTfBzPz6_NJK5_D-7VAH_F7g4M/9e8bc6d16f22fe93/esvZtafjkiMw.rwbxyLqR0VjzLLds7afPZAeQvKVDhE-1775593684-1.2.1.1-bsl0vvTCVFDGYVmZ1sWOUD_xX8Ukhmqldl3tRL7wQsMJY33llcsIQ7hXIdxjZspQ → 200 (41ms, 17208B)
[2026-04-07T20:28:04.991Z] GET blob:https://stackoverflow.com/11c78389-3d85-4f60-8e49-a94ae80148bc → 200 (15ms, 80B)
[2026-04-07T20:28:05.001Z] GET https://challenges.cloudflare.com/cdn-cgi/challenge-platform/h/b/turnstile/f/ov2/av0/rch/9tmlx/0x4AAAAAAADnPIDROrmt1Wwj/light/fbE/new/normal?lang=auto → 200 (50ms, 241127B)
[2026-04-07T20:28:05.124Z] GET https://challenges.cloudflare.com/cdn-cgi/challenge-platform/h/b/cmg/1 → 200 (?ms, 86B)
[2026-04-07T20:28:05.144Z] GET blob:https://challenges.cloudflare.com/896d58d5-0059-4910-8ba3-c4a1cabfbb8d → pending (?ms, ?B)
[2026-04-07T20:28:05.333Z] POST https://challenges.cloudflare.com/cdn-cgi/challenge-platform/h/b/flow/ov1/3498548442:1775592970:PU40k1WFcgjs16s3ivZ9enBjU3_ksPkh0LXF6PVUALc/9e8bc6d35cce6676/Hc42HxYaRMs0sVNLj91SwSIf0xQKpESNtOZrPIwV5nY-1775593685-1.2.1.1-cxn7cdPGOdPgP_2F6ZIOGdNgVqv_CGQnl9Bz9deXnA31B5UfBZ.YfbbDCn6PndvI → 200 (135ms, 365280B)
[2026-04-07T20:28:05.526Z] GET blob:https://challenges.cloudflare.com/0341f0f9-4518-49c2-83a5-8bb1610b62d0 → 200 (15ms, 80B)
[2026-04-07T20:28:05.647Z] GET blob:https://challenges.cloudflare.com/0341f0f9-4518-49c2-83a5-8bb1610b62d0 → 200 (15ms, 80B)
[2026-04-07T20:28:05.718Z] GET https://challenges.cloudflare.com/cdn-cgi/challenge-platform/h/b/pat/9e8bc6d35cce6676/1775593685344/f6aa9afd2221d0a41d0b08b35672225ca1400a6689d35c962e4c82310e945cbf/-thC5Cn-9Tj7zf8 → 401 (52ms, ?B)
[2026-04-07T20:28:06.219Z] GET https://challenges.cloudflare.com/cdn-cgi/challenge-platform/h/b/d/9e8bc6d35cce6676/1775593685345/DWcj1vKVnDtu25y → pending (?ms, ?B)
[2026-04-07T20:28:07.518Z] POST https://challenges.cloudflare.com/cdn-cgi/challenge-platform/h/b/flow/ov1/3498548442:1775592970:PU40k1WFcgjs16s3ivZ9enBjU3_ksPkh0LXF6PVUALc/9e8bc6d35cce6676/Hc42HxYaRMs0sVNLj91SwSIf0xQKpESNtOZrPIwV5nY-1775593685-1.2.1.1-cxn7cdPGOdPgP_2F6ZIOGdNgVqv_CGQnl9Bz9deXnA31B5UfBZ.YfbbDCn6PndvI → 200 (44ms, 29792B)
[2026-04-07T20:28:07.573Z] GET blob:https://challenges.cloudflare.com/63feafe0-0dda-4c2b-8492-dda1b0c6a23f → 200 (7ms, 80B)
[2026-04-07T20:30:07.640Z] POST https://stackoverflow.com/cdn-cgi/challenge-platform/h/b/flow/ov1/381235351:1775589140:z0IKCrJuPGaa6-E2hqTfBzPz6_NJK5_D-7VAH_F7g4M/9e8bc6d16f22fe93/esvZtafjkiMw.rwbxyLqR0VjzLLds7afPZAeQvKVDhE-1775593684-1.2.1.1-bsl0vvTCVFDGYVmZ1sWOUD_xX8Ukhmqldl3tRL7wQsMJY33llcsIQ7hXIdxjZspQ → 200 (29ms, 3040B)
[2026-04-07T20:30:22.679Z] GET https://stackoverflow.com/search?q=%5Bpython%5D+AI+agent+audit+trail+is%3Aquestion&searchOn=3 → 403 (19ms, 5750B)
[2026-04-07T20:30:22.712Z] GET https://stackoverflow.com/cdn-cgi/challenge-platform/h/b/orchestrate/chl_page/v1?ray=9e8bca2fb9c0fe93 → 200 (35ms, 194521B)
[2026-04-07T20:30:22.755Z] GET blob:https://stackoverflow.com/b7aaded8-35ca-49e3-b8f0-fa178f8fa121 → pending (?ms, ?B)
[2026-04-07T20:30:22.771Z] GET https://challenges.cloudflare.com/turnstile/v0/b/625261456364/api.js?onload=OBvX9&render=explicit → 200 (1ms, 52567B)
[2026-04-07T20:30:22.975Z] POST https://stackoverflow.com/cdn-cgi/challenge-platform/h/b/flow/ov1/2571722764:1775592968:VCvsIy4c9BV9gvCzK6yasLc1ZjO0T_orBGQwdYjJpgw/9e8bca2fb9c0fe93/EK4JisfHMV7ER62wqouu7m0V611DemiXCrXlFSaqDaU-1775593822-1.2.1.1-ssA5tK7HhGBwTl1Mgkc84AgJAzPMnq7WU1MJQgNYOVvA3d8TB.HfMAyZI2qommuL → 200 (62ms, 17224B)
[2026-04-07T20:30:23.026Z] GET blob:https://stackoverflow.com/4a96380d-c86d-4df3-a85c-af5120639b0f → 200 (18ms, 80B)
[2026-04-07T20:30:23.039Z] GET https://challenges.cloudflare.com/cdn-cgi/challenge-platform/h/b/turnstile/f/ov2/av0/rch/po3lk/0x4AAAAAAADnPIDROrmt1Wwj/light/fbE/new/normal?lang=auto → 200 (114ms, ?B)
[2026-04-07T20:30:24.080Z] GET https://challenges.cloudflare.com/cdn-cgi/challenge-platform/h/b/cmg/1 → 200 (2ms, 86B)
[2026-04-07T20:30:24.098Z] GET blob:https://challenges.cloudflare.com/0669c096-1090-481b-866a-f3846d6e49b8 → pending (?ms, ?B)
[2026-04-07T20:30:24.295Z] POST https://challenges.cloudflare.com/cdn-cgi/challenge-platform/h/b/flow/ov1/3498548442:1775592970:PU40k1WFcgjs16s3ivZ9enBjU3_ksPkh0LXF6PVUALc/9e8bca328f8cf5ee/8.Hlx9wk4V8GZCrt3s77S23upuRVBJjiB4kPiEeBcrA-1775593823-1.2.1.1-2YWfCfO3MT6QhKuinL2UAmKyVcWkAS0XJVsFXc4wHWprGApfubhop8HiFnJWmctS → pending (?ms, ?B)
[2026-04-07T20:30:24.458Z] GET blob:https://challenges.cloudflare.com/9482c9cd-aae0-467b-a56e-f1a73e7ff36b → 200 (81ms, 80B)
[2026-04-07T20:30:25.546Z] GET https://challenges.cloudflare.com/cdn-cgi/challenge-platform/h/b/pat/9e8bca328f8cf5ee/1775593824307/cf27fe7eb153c36de5eaa2a8fa12d73bf3e3fc3523fc84db270217749353766d/xdo5GIV4jYwqIrk → 401 (13ms, 1B)
[2026-04-07T20:30:25.615Z] GET https://challenges.cloudflare.com/cdn-cgi/challenge-platform/h/b/d/9e8bca328f8cf5ee/1775593824307/pgDdOr-XX4bi7SZ → 200 (17ms, 5255B)
[2026-04-07T20:30:26.577Z] GET blob:https://challenges.cloudflare.com/9482c9cd-aae0-467b-a56e-f1a73e7ff36b → 200 (17ms, 80B)
[2026-04-07T20:30:27.263Z] POST https://challenges.cloudflare.com/cdn-cgi/challenge-platform/h/b/flow/ov1/3498548442:1775592970:PU40k1WFcgjs16s3ivZ9enBjU3_ksPkh0LXF6PVUALc/9e8bca328f8cf5ee/8.Hlx9wk4V8GZCrt3s77S23upuRVBJjiB4kPiEeBcrA-1775593823-1.2.1.1-2YWfCfO3MT6QhKuinL2UAmKyVcWkAS0XJVsFXc4wHWprGApfubhop8HiFnJWmctS → pending (?ms, ?B)
[2026-04-07T20:30:27.358Z] GET blob:https://challenges.cloudflare.com/ed674719-da3b-46d3-b9f1-1153b3d073d3 → 200 (10ms, 80B)
[2026-04-07T20:32:27.541Z] POST https://stackoverflow.com/cdn-cgi/challenge-platform/h/b/flow/ov1/2571722764:1775592968:VCvsIy4c9BV9gvCzK6yasLc1ZjO0T_orBGQwdYjJpgw/9e8bca2fb9c0fe93/EK4JisfHMV7ER62wqouu7m0V611DemiXCrXlFSaqDaU-1775593822-1.2.1.1-ssA5tK7HhGBwTl1Mgkc84AgJAzPMnq7WU1MJQgNYOVvA3d8TB.HfMAyZI2qommuL → 200 (23ms, 3040B)
[2026-04-07T20:32:42.506Z] GET https://stackoverflow.com/search?q=%5Bpython%5D+AI+agent+audit+trail+is%3Aquestion&searchOn=3 → 403 (105ms, 5750B)
[2026-04-07T20:32:42.640Z] GET https://stackoverflow.com/cdn-cgi/challenge-platform/h/b/orchestrate/chl_page/v1?ray=9e8bcd9a2bdefe93 → pending (?ms, ?B)
[2026-04-07T20:32:42.682Z] GET blob:https://stackoverflow.com/87a39579-1ea3-49d9-910e-0594cef53630 → pending (?ms, ?B)
[2026-04-07T20:32:42.752Z] GET https://challenges.cloudflare.com/turnstile/v0/b/625261456364/api.js?onload=OBvX9&render=explicit → 200 (1ms, 52567B)
[2026-04-07T20:32:42.969Z] POST https://stackoverflow.com/cdn-cgi/challenge-platform/h/b/flow/ov1/2571722764:1775592968:VCvsIy4c9BV9gvCzK6yasLc1ZjO0T_orBGQwdYjJpgw/9e8bcd9a2bdefe93/q0yPQxZRtZw8l0Le0Pfpnz699O0K3QWAuofBhgz4.HU-1775593962-1.2.1.1-EvV19daZW7iHKbU84H4vmrt3XRxW9zZwwc0Z2MNtJjtkTo8G6RMth8HAtkh4cgwD → 200 (75ms, 17212B)
[2026-04-07T20:32:43.043Z] GET blob:https://stackoverflow.com/63d31728-d0c5-418b-a629-0b99e21d102b → 200 (25ms, 80B)
[2026-04-07T20:32:43.055Z] GET https://challenges.cloudflare.com/cdn-cgi/challenge-platform/h/b/turnstile/f/ov2/av0/rch/6m0pl/0x4AAAAAAADnPIDROrmt1Wwj/light/fbE/new/normal?lang=auto → 200 (130ms, 238115B)
[2026-04-07T20:32:43.291Z] GET https://challenges.cloudflare.com/cdn-cgi/challenge-platform/h/b/cmg/1 → 200 (?ms, 86B)
[2026-04-07T20:32:43.295Z] GET blob:https://challenges.cloudflare.com/6099d8d7-f4ef-4d66-be38-de7291e6c880 → pending (?ms, ?B)
[2026-04-07T20:32:43.596Z] POST https://challenges.cloudflare.com/cdn-cgi/challenge-platform/h/b/flow/ov1/2256475961:1775589142:BnJTZhu0g1E1Z7A7aiyrNI3TQksJZSaAwz2gp8fl4YU/9e8bcd9ccc06f546/1wqLELAoMeBzgbtLWmXWh2CtXJJMZ1jXwwIuSzhkZCI-1775593963-1.2.1.1-8PQhVmckz7ZQIuxGe0ruJqd1aob4j3jSJSptvSDEV4K7PTwO23gGxxyx7YVEUEkz → pending (?ms, ?B)
[2026-04-07T20:32:43.802Z] GET blob:https://challenges.cloudflare.com/1a762473-7b2a-4e34-b61f-b5a7f0009588 → 200 (40ms, 80B)
[2026-04-07T20:32:44.247Z] GET blob:https://challenges.cloudflare.com/1a762473-7b2a-4e34-b61f-b5a7f0009588 → 200 (50ms, ?B)
[2026-04-07T20:32:46.035Z] GET https://challenges.cloudflare.com/cdn-cgi/challenge-platform/h/b/pat/9e8bcd9ccc06f546/1775593963642/b2ad2e81f873f55473457884b90e3a9fa4379dd804c52531e83aecfc7bdc6f48/OpHzmSvCaOj7P3- → 401 (10ms, 1B)
[2026-04-07T20:32:46.048Z] GET https://challenges.cloudflare.com/cdn-cgi/challenge-platform/h/b/d/9e8bcd9ccc06f546/1775593963642/qz3YZn-m4Rs6TUH → 200 (36ms, 2707B)
[2026-04-07T20:32:46.624Z] POST https://challenges.cloudflare.com/cdn-cgi/challenge-platform/h/b/flow/ov1/2256475961:1775589142:BnJTZhu0g1E1Z7A7aiyrNI3TQksJZSaAwz2gp8fl4YU/9e8bcd9ccc06f546/1wqLELAoMeBzgbtLWmXWh2CtXJJMZ1jXwwIuSzhkZCI-1775593963-1.2.1.1-8PQhVmckz7ZQIuxGe0ruJqd1aob4j3jSJSptvSDEV4K7PTwO23gGxxyx7YVEUEkz → pending (?ms, ?B)
[2026-04-07T20:32:46.698Z] GET blob:https://challenges.cloudflare.com/80447550-e65a-48d5-9885-24318a3a8a51 → 200 (16ms, 80B)
[2026-04-07T20:34:46.863Z] POST https://stackoverflow.com/cdn-cgi/challenge-platform/h/b/flow/ov1/2571722764:1775592968:VCvsIy4c9BV9gvCzK6yasLc1ZjO0T_orBGQwdYjJpgw/9e8bcd9a2bdefe93/q0yPQxZRtZw8l0Le0Pfpnz699O0K3QWAuofBhgz4.HU-1775593962-1.2.1.1-EvV19daZW7iHKbU84H4vmrt3XRxW9zZwwc0Z2MNtJjtkTo8G6RMth8HAtkh4cgwD → 200 (24ms, 3040B)
[2026-04-07T20:35:01.882Z] GET https://stackoverflow.com/search?q=%5Bpython%5D+AI+agent+audit+trail+is%3Aquestion&searchOn=3 → 403 (43ms, 5750B)
[2026-04-07T20:35:01.959Z] GET https://stackoverflow.com/cdn-cgi/challenge-platform/h/b/orchestrate/chl_page/v1?ray=9e8bd100fa9cfe93 → 200 (261ms, 192769B)
[2026-04-07T20:35:02.233Z] GET blob:https://stackoverflow.com/55a06af6-3a12-4f2c-8cd8-5a7c756fa27c → pending (?ms, ?B)
[2026-04-07T20:35:02.249Z] GET https://challenges.cloudflare.com/turnstile/v0/b/625261456364/api.js?onload=OBvX9&render=explicit → 200 (3ms, 52567B)
[2026-04-07T20:35:02.437Z] POST https://stackoverflow.com/cdn-cgi/challenge-platform/h/b/flow/ov1/2571722764:1775592968:VCvsIy4c9BV9gvCzK6yasLc1ZjO0T_orBGQwdYjJpgw/9e8bd100fa9cfe93/S5j7TADdFeo97ZetIvLJlNrwgazWBztDdqf0B.VDwaQ-1775594101-1.2.1.1-krqXVQL3frFPhNUMKNs1HJGzuEN8_cxtEwnaSfFtI_6pMwkSmGDoBb2iTo.bFOeK → 200 (45ms, 17212B)
[2026-04-07T20:35:02.471Z] GET blob:https://stackoverflow.com/40c04b5b-26da-4270-9ae0-e23dd1cd8673 → 200 (27ms, 80B)
[2026-04-07T20:35:02.487Z] GET https://challenges.cloudflare.com/cdn-cgi/challenge-platform/h/b/turnstile/f/ov2/av0/rch/7976i/0x4AAAAAAADnPIDROrmt1Wwj/light/fbE/new/normal?lang=auto → 200 (102ms, 243974B)
[2026-04-07T20:35:02.609Z] GET https://challenges.cloudflare.com/cdn-cgi/challenge-platform/h/b/cmg/1 → 200 (39ms, 86B)
[2026-04-07T20:35:02.669Z] GET blob:https://challenges.cloudflare.com/d2e2836e-bed5-4baf-97af-dc2cbfa52500 → pending (?ms, ?B)
[2026-04-07T20:35:02.862Z] POST https://challenges.cloudflare.com/cdn-cgi/challenge-platform/h/b/flow/ov1/3498548442:1775592970:PU40k1WFcgjs16s3ivZ9enBjU3_ksPkh0LXF6PVUALc/9e8bd1051b569cd3/ARw_aXd2BbZ6V7muEASBrxejHOK8vfEDhrMXG2qz8QI-1775594102-1.2.1.1-GBASAQGM2bmS6lTE14xP44.PNHCr0J5h_NrF_cBpIgMBUqJonksqqQEUQZ5xcsdt → 200 (102ms, 377176B)
[2026-04-07T20:35:03.036Z] GET blob:https://challenges.cloudflare.com/d78f50b8-421d-4671-8786-4e852214d029 → 200 (88ms, 80B)
[2026-04-07T20:35:03.371Z] GET https://challenges.cloudflare.com/cdn-cgi/challenge-platform/h/b/pat/9e8bd1051b569cd3/1775594102887/49dc5f1666e70264ca61a455b94a84be0b65307462e8fca83dd51e1752becb5d/Leykkw5cgSd1I0q → 401 (14ms, 1B)
[2026-04-07T20:35:03.462Z] GET blob:https://challenges.cloudflare.com/d78f50b8-421d-4671-8786-4e852214d029 → 200 (23ms, 80B)
[2026-04-07T20:35:04.320Z] GET https://challenges.cloudflare.com/cdn-cgi/challenge-platform/h/b/d/9e8bd1051b569cd3/1775594102887/RJVWKkn76c3-WUq → 200 (6ms, ?B)
[2026-04-07T20:35:05.306Z] GET blob:https://challenges.cloudflare.com/d78f50b8-421d-4671-8786-4e852214d029 → pending (?ms, ?B)
[2026-04-07T20:35:05.306Z] GET blob:https://challenges.cloudflare.com/d78f50b8-421d-4671-8786-4e852214d029 → 200 (25ms, ?B)
[2026-04-07T20:35:05.306Z] GET blob:https://challenges.cloudflare.com/d78f50b8-421d-4671-8786-4e852214d029 → 200 (25ms, ?B)
[2026-04-07T20:35:05.307Z] GET blob:https://challenges.cloudflare.com/d78f50b8-421d-4671-8786-4e852214d029 → 200 (24ms, ?B)
[2026-04-07T20:35:05.308Z] GET blob:https://challenges.cloudflare.com/d78f50b8-421d-4671-8786-4e852214d029 → 200 (23ms, ?B)
[2026-04-07T20:35:05.309Z] GET blob:https://challenges.cloudflare.com/d78f50b8-421d-4671-8786-4e852214d029 → 200 (22ms, ?B)
[2026-04-07T20:35:05.841Z] POST https://challenges.cloudflare.com/cdn-cgi/challenge-platform/h/b/flow/ov1/3498548442:1775592970:PU40k1WFcgjs16s3ivZ9enBjU3_ksPkh0LXF6PVUALc/9e8bd1051b569cd3/ARw_aXd2BbZ6V7muEASBrxejHOK8vfEDhrMXG2qz8QI-1775594102-1.2.1.1-GBASAQGM2bmS6lTE14xP44.PNHCr0J5h_NrF_cBpIgMBUqJonksqqQEUQZ5xcsdt → 200 (45ms, 29776B)
[2026-04-07T20:35:05.899Z] GET blob:https://challenges.cloudflare.com/c357b0aa-b408-4dd1-9eb3-848f4bbafdcd → 200 (9ms, 80B)
[2026-04-07T20:37:05.961Z] POST https://stackoverflow.com/cdn-cgi/challenge-platform/h/b/flow/ov1/2571722764:1775592968:VCvsIy4c9BV9gvCzK6yasLc1ZjO0T_orBGQwdYjJpgw/9e8bd100fa9cfe93/S5j7TADdFeo97ZetIvLJlNrwgazWBztDdqf0B.VDwaQ-1775594101-1.2.1.1-krqXVQL3frFPhNUMKNs1HJGzuEN8_cxtEwnaSfFtI_6pMwkSmGDoBb2iTo.bFOeK → 200 (55ms, 3040B)
[2026-04-07T20:37:21.015Z] GET https://stackoverflow.com/search?q=%5Bpython%5D+AI+agent+audit+trail+is%3Aquestion&searchOn=3 → 403 (23ms, 5750B)
[2026-04-07T20:37:21.044Z] GET https://stackoverflow.com/cdn-cgi/challenge-platform/h/b/orchestrate/chl_page/v1?ray=9e8bd46669e9fe93 → 200 (34ms, 194521B)
[2026-04-07T20:37:21.083Z] GET blob:https://stackoverflow.com/53f9a557-7cdf-42c9-b4bf-bfc86482e3b1 → pending (?ms, ?B)
[2026-04-07T20:37:21.102Z] GET https://challenges.cloudflare.com/turnstile/v0/b/625261456364/api.js?onload=OBvX9&render=explicit → 200 (?ms, 52567B)
[2026-04-07T20:37:21.278Z] POST https://stackoverflow.com/cdn-cgi/challenge-platform/h/b/flow/ov1/2571722764:1775592968:VCvsIy4c9BV9gvCzK6yasLc1ZjO0T_orBGQwdYjJpgw/9e8bd46669e9fe93/J.1iY75681nGq1m90oURU9sV_UUKW8oRhu2jNH0n4MM-1775594241-1.2.1.1-yZhEryeO5AMkdMk8NE6se9v3NVf9i0N3qPITfin7zoEW9HHdf84eWzjj9C44rVfp → 200 (132ms, 17212B)
[2026-04-07T20:37:21.400Z] GET blob:https://stackoverflow.com/88e27173-a6d6-4c48-9b8a-af0f11749402 → 200 (17ms, 80B)
[2026-04-07T20:37:21.414Z] GET https://challenges.cloudflare.com/cdn-cgi/challenge-platform/h/b/turnstile/f/ov2/av0/rch/bqn8e/0x4AAAAAAADnPIDROrmt1Wwj/light/fbE/new/normal?lang=auto → 200 (108ms, 243795B)
[2026-04-07T20:37:21.540Z] GET https://challenges.cloudflare.com/cdn-cgi/challenge-platform/h/b/cmg/1 → 200 (12ms, 86B)
[2026-04-07T20:37:21.589Z] GET blob:https://challenges.cloudflare.com/71069c3c-7c15-4b4f-93be-03934036ea98 → pending (?ms, ?B)
[2026-04-07T20:37:21.784Z] POST https://challenges.cloudflare.com/cdn-cgi/challenge-platform/h/b/flow/ov1/3498548442:1775592970:PU40k1WFcgjs16s3ivZ9enBjU3_ksPkh0LXF6PVUALc/9e8bd4696ab09887/JuCylQgt2hiEgPV8TYiE2ByOxcUOyjI18RRx6Rtc2LM-1775594241-1.2.1.1-j5wXuy9ufubiFRuFt9t46qq1hYydeCHHcyQug60AWCqvn97viYkiPK6hInpGYgJ5 → pending (?ms, ?B)
[2026-04-07T20:37:21.969Z] GET blob:https://challenges.cloudflare.com/e00033e7-6a52-4848-a82a-3934877fc5d1 → 200 (14ms, 80B)
[2026-04-07T20:37:22.098Z] GET blob:https://challenges.cloudflare.com/e00033e7-6a52-4848-a82a-3934877fc5d1 → pending (?ms, ?B)
[2026-04-07T20:37:22.098Z] GET blob:https://challenges.cloudflare.com/e00033e7-6a52-4848-a82a-3934877fc5d1 → 200 (29ms, ?B)
[2026-04-07T20:37:22.099Z] GET blob:https://challenges.cloudflare.com/e00033e7-6a52-4848-a82a-3934877fc5d1 → 200 (28ms, ?B)
[2026-04-07T20:37:22.101Z] GET blob:https://challenges.cloudflare.com/e00033e7-6a52-4848-a82a-3934877fc5d1 → 200 (26ms, ?B)
[2026-04-07T20:37:22.102Z] GET blob:https://challenges.cloudflare.com/e00033e7-6a52-4848-a82a-3934877fc5d1 → 200 (16ms, ?B)
[2026-04-07T20:37:22.102Z] GET blob:https://challenges.cloudflare.com/e00033e7-6a52-4848-a82a-3934877fc5d1 → 200 (15ms, ?B)
[2026-04-07T20:37:22.176Z] GET blob:https://challenges.cloudflare.com/e00033e7-6a52-4848-a82a-3934877fc5d1 → 200 (21ms, 80B)
[2026-04-07T20:37:22.931Z] GET https://challenges.cloudflare.com/cdn-cgi/challenge-platform/h/b/d/9e8bd4696ab09887/1775594241802/7XQikxvHLSwKYeB → 200 (19ms, 968B)
[2026-04-07T20:37:22.975Z] GET https://challenges.cloudflare.com/cdn-cgi/challenge-platform/h/b/pat/9e8bd4696ab09887/1775594241802/401841a6be7fc73caaa3ac969b1b583c9b23ae5adf0c3ac75d211e6dfeac1219/7tySGFeOEy65na8 → 401 (97ms, 1B)
[2026-04-07T20:37:24.396Z] POST https://challenges.cloudflare.com/cdn-cgi/challenge-platform/h/b/flow/ov1/3498548442:1775592970:PU40k1WFcgjs16s3ivZ9enBjU3_ksPkh0LXF6PVUALc/9e8bd4696ab09887/JuCylQgt2hiEgPV8TYiE2ByOxcUOyjI18RRx6Rtc2LM-1775594241-1.2.1.1-j5wXuy9ufubiFRuFt9t46qq1hYydeCHHcyQug60AWCqvn97viYkiPK6hInpGYgJ5 → 200 (132ms, 29788B)
[2026-04-07T20:37:24.523Z] GET blob:https://challenges.cloudflare.com/716a17cd-7363-4ae7-9bf7-10c4968ded93 → 200 (8ms, 80B)
[2026-04-07T20:39:24.581Z] POST https://stackoverflow.com/cdn-cgi/challenge-platform/h/b/flow/ov1/2571722764:1775592968:VCvsIy4c9BV9gvCzK6yasLc1ZjO0T_orBGQwdYjJpgw/9e8bd46669e9fe93/J.1iY75681nGq1m90oURU9sV_UUKW8oRhu2jNH0n4MM-1775594241-1.2.1.1-yZhEryeO5AMkdMk8NE6se9v3NVf9i0N3qPITfin7zoEW9HHdf84eWzjj9C44rVfp → 200 (23ms, 3040B)
[2026-04-07T20:39:39.608Z] GET https://stackoverflow.com/search?q=%5Bpython%5D+AI+agent+audit+trail+is%3Aquestion&searchOn=3 → 403 (24ms, 5750B)
[2026-04-07T20:39:39.637Z] GET https://stackoverflow.com/cdn-cgi/challenge-platform/h/b/orchestrate/chl_page/v1?ray=9e8bd7c8aaeefe93 → 200 (291ms, 192484B)
[2026-04-07T20:39:39.938Z] GET blob:https://stackoverflow.com/fc8dc77d-9419-42f6-955d-b995dcbd6264 → pending (?ms, ?B)
[2026-04-07T20:39:39.953Z] GET https://challenges.cloudflare.com/turnstile/v0/b/625261456364/api.js?onload=OBvX9&render=explicit → 200 (?ms, 52567B)
[2026-04-07T20:39:40.109Z] POST https://stackoverflow.com/cdn-cgi/challenge-platform/h/b/flow/ov1/2571722764:1775592968:VCvsIy4c9BV9gvCzK6yasLc1ZjO0T_orBGQwdYjJpgw/9e8bd7c8aaeefe93/EaRH0UhPnrdzl7EfghhfTfg8bRRy9UIOYjcXeDkivKw-1775594379-1.2.1.1-A4PIvE6HRR3NPK4jOJH1DosXluJKoVnBcWg_njL7JxfBQC0CH8WvsA3XCGlJgrCl → 200 (42ms, 17216B)
[2026-04-07T20:39:40.144Z] GET blob:https://stackoverflow.com/100fb497-d4de-4500-9e72-98cf2b05055a → 200 (13ms, 80B)
[2026-04-07T20:39:40.155Z] GET https://challenges.cloudflare.com/cdn-cgi/challenge-platform/h/b/turnstile/f/ov2/av0/rch/1ufwl/0x4AAAAAAADnPIDROrmt1Wwj/light/fbE/new/normal?lang=auto → 200 (29ms, 243173B)
[2026-04-07T20:39:40.275Z] GET https://challenges.cloudflare.com/cdn-cgi/challenge-platform/h/b/cmg/1 → 200 (1ms, 86B)
[2026-04-07T20:39:40.295Z] GET blob:https://challenges.cloudflare.com/b092213a-2230-44be-8d7e-0c091ef08bb9 → pending (?ms, ?B)
[2026-04-07T20:39:40.481Z] POST https://challenges.cloudflare.com/cdn-cgi/challenge-platform/h/b/flow/ov1/3498548442:1775592970:PU40k1WFcgjs16s3ivZ9enBjU3_ksPkh0LXF6PVUALc/9e8bd7cc0adddde3/mYUvCqZ11RsjUXSoxk3lJo4FAMgki.fQtAQAeAgEMxQ-1775594380-1.2.1.1-Y5FJDH6unME96U63QOYDp59pGQni2j2b34.TPUdIQq_gRq.bkBBEuv6lwPnImm7m → 200 (90ms, 365592B)
[2026-04-07T20:39:40.631Z] GET blob:https://challenges.cloudflare.com/46adcbc0-789e-44c6-8352-74b5af4e057f → 200 (13ms, 80B)
[2026-04-07T20:39:40.844Z] GET blob:https://challenges.cloudflare.com/46adcbc0-789e-44c6-8352-74b5af4e057f → 200 (14ms, 80B)
[2026-04-07T20:39:42.592Z] GET https://challenges.cloudflare.com/cdn-cgi/challenge-platform/h/b/d/9e8bd7cc0adddde3/1775594380495/1So5Tt645GuRAYr → 200 (11ms, 1147B)
[2026-04-07T20:39:42.671Z] GET https://challenges.cloudflare.com/cdn-cgi/challenge-platform/h/b/pat/9e8bd7cc0adddde3/1775594380495/45911146855da90d45d6b4a189743b8ff8aad5c3a464e485cfa5d0dd4a3ce82a/qKdXP6jyeAsYjUh → 401 (13ms, ?B)
[2026-04-07T20:39:43.124Z] POST https://challenges.cloudflare.com/cdn-cgi/challenge-platform/h/b/flow/ov1/3498548442:1775592970:PU40k1WFcgjs16s3ivZ9enBjU3_ksPkh0LXF6PVUALc/9e8bd7cc0adddde3/mYUvCqZ11RsjUXSoxk3lJo4FAMgki.fQtAQAeAgEMxQ-1775594380-1.2.1.1-Y5FJDH6unME96U63QOYDp59pGQni2j2b34.TPUdIQq_gRq.bkBBEuv6lwPnImm7m → 200 (56ms, 29804B)
[2026-04-07T20:39:43.170Z] GET blob:https://challenges.cloudflare.com/d8424f8d-4f9e-4e1e-a4d6-3c32a57e5835 → 200 (11ms, 80B)
[2026-04-07T20:41:43.237Z] POST https://stackoverflow.com/cdn-cgi/challenge-platform/h/b/flow/ov1/2571722764:1775592968:VCvsIy4c9BV9gvCzK6yasLc1ZjO0T_orBGQwdYjJpgw/9e8bd7c8aaeefe93/EaRH0UhPnrdzl7EfghhfTfg8bRRy9UIOYjcXeDkivKw-1775594379-1.2.1.1-A4PIvE6HRR3NPK4jOJH1DosXluJKoVnBcWg_njL7JxfBQC0CH8WvsA3XCGlJgrCl → 200 (11ms, 3040B)
[2026-04-07T20:41:58.248Z] GET https://stackoverflow.com/search?q=%5Bpython%5D+AI+agent+audit+trail+is%3Aquestion&searchOn=3 → 403 (101ms, 5750B)
[2026-04-07T20:41:58.356Z] GET https://stackoverflow.com/cdn-cgi/challenge-platform/h/b/orchestrate/chl_page/v1?ray=9e8bdb2b9e56fe93 → 200 (32ms, 200192B)
[2026-04-07T20:41:58.399Z] GET blob:https://stackoverflow.com/3dc32921-6544-41c0-b1f9-68c50a00c2a7 → pending (?ms, ?B)
[2026-04-07T20:41:58.412Z] GET https://challenges.cloudflare.com/turnstile/v0/b/625261456364/api.js?onload=OBvX9&render=explicit → 200 (?ms, 52567B)
[2026-04-07T20:41:58.577Z] POST https://stackoverflow.com/cdn-cgi/challenge-platform/h/b/flow/ov1/2571722764:1775592968:VCvsIy4c9BV9gvCzK6yasLc1ZjO0T_orBGQwdYjJpgw/9e8bdb2b9e56fe93/hbg.3UTxRRX1IfdAMxpFBgbTp_YG8rGMEaEZhpyFsPo-1775594518-1.2.1.1-BgpbTWi2zBnfJYo1Jym2VD4GjEOybwDKysIi6f16wCASlwqMq3cTVuAKQgQaWz2h → 200 (49ms, 17212B)
[2026-04-07T20:41:58.614Z] GET blob:https://stackoverflow.com/d7ecf568-e081-437c-b89f-02c956799f8b → 200 (15ms, 80B)
[2026-04-07T20:41:58.627Z] GET https://challenges.cloudflare.com/cdn-cgi/challenge-platform/h/b/turnstile/f/ov2/av0/rch/jm523/0x4AAAAAAADnPIDROrmt1Wwj/light/fbE/new/normal?lang=auto → 200 (31ms, 249717B)
[2026-04-07T20:41:58.741Z] GET https://challenges.cloudflare.com/cdn-cgi/challenge-platform/h/b/cmg/1 → 200 (9ms, 86B)
[2026-04-07T20:41:58.760Z] GET blob:https://challenges.cloudflare.com/b7d72822-60a0-4136-9f4e-4aa9375dc75f → pending (?ms, ?B)
[2026-04-07T20:41:58.936Z] POST https://challenges.cloudflare.com/cdn-cgi/challenge-platform/h/b/flow/ov1/3498548442:1775592970:PU40k1WFcgjs16s3ivZ9enBjU3_ksPkh0LXF6PVUALc/9e8bdb2d7e7daa31/q1yZbyZcFZyW0zceoy1lUwHVCWlC9P8aBZE2Ey4bYzI-1775594518-1.2.1.1-w2y8DeO9Jq0SGGdaK7x6JfL6puET25zhmNfC4JvaAKuz246zOPBWx9gwtwgJDo2T → 200 (112ms, ?B)
[2026-04-07T20:41:59.156Z] GET blob:https://challenges.cloudflare.com/caa64c25-69c7-49f9-8e0c-6f6f15eb6550 → 200 (18ms, 80B)
[2026-04-07T20:41:59.381Z] GET https://challenges.cloudflare.com/cdn-cgi/challenge-platform/h/b/d/9e8bdb2d7e7daa31/1775594518957/TvKdVkhNvYp8XBU → 200 (23ms, 1543B)
[2026-04-07T20:41:59.437Z] GET blob:https://challenges.cloudflare.com/caa64c25-69c7-49f9-8e0c-6f6f15eb6550 → pending (?ms, ?B)
[2026-04-07T20:41:59.437Z] GET blob:https://challenges.cloudflare.com/caa64c25-69c7-49f9-8e0c-6f6f15eb6550 → pending (?ms, ?B)
[2026-04-07T20:41:59.437Z] GET blob:https://challenges.cloudflare.com/caa64c25-69c7-49f9-8e0c-6f6f15eb6550 → pending (?ms, ?B)
[2026-04-07T20:41:59.439Z] GET blob:https://challenges.cloudflare.com/caa64c25-69c7-49f9-8e0c-6f6f15eb6550 → 200 (15ms, ?B)
[2026-04-07T20:41:59.439Z] GET blob:https://challenges.cloudflare.com/caa64c25-69c7-49f9-8e0c-6f6f15eb6550 → 200 (15ms, ?B)
[2026-04-07T20:41:59.439Z] GET blob:https://challenges.cloudflare.com/caa64c25-69c7-49f9-8e0c-6f6f15eb6550 → 200 (15ms, ?B)
[2026-04-07T20:42:00.159Z] GET blob:https://challenges.cloudflare.com/caa64c25-69c7-49f9-8e0c-6f6f15eb6550 → 200 (11ms, 80B)
[2026-04-07T20:42:00.492Z] GET https://challenges.cloudflare.com/cdn-cgi/challenge-platform/h/b/pat/9e8bdb2d7e7daa31/1775594518958/76fc81e3e3244c2e16cbe7c9c02ee73976b2c6e980c3cff02cf53c98500fc1a1/ZU1eGSZH-dXJyQS → 401 (9ms, 1B)
[2026-04-07T20:42:00.847Z] POST https://challenges.cloudflare.com/cdn-cgi/challenge-platform/h/b/flow/ov1/3498548442:1775592970:PU40k1WFcgjs16s3ivZ9enBjU3_ksPkh0LXF6PVUALc/9e8bdb2d7e7daa31/q1yZbyZcFZyW0zceoy1lUwHVCWlC9P8aBZE2Ey4bYzI-1775594518-1.2.1.1-w2y8DeO9Jq0SGGdaK7x6JfL6puET25zhmNfC4JvaAKuz246zOPBWx9gwtwgJDo2T → 200 (124ms, 29792B)
[2026-04-07T20:42:00.965Z] GET blob:https://challenges.cloudflare.com/1b1fcf3c-e7ba-4c55-9007-d69984109f90 → 200 (13ms, 80B)
[2026-04-07T20:44:01.010Z] POST https://stackoverflow.com/cdn-cgi/challenge-platform/h/b/flow/ov1/2571722764:1775592968:VCvsIy4c9BV9gvCzK6yasLc1ZjO0T_orBGQwdYjJpgw/9e8bdb2b9e56fe93/hbg.3UTxRRX1IfdAMxpFBgbTp_YG8rGMEaEZhpyFsPo-1775594518-1.2.1.1-BgpbTWi2zBnfJYo1Jym2VD4GjEOybwDKysIi6f16wCASlwqMq3cTVuAKQgQaWz2h → 200 (37ms, 3040B)
[2026-04-07T20:44:16.047Z] GET https://stackoverflow.com/search?q=%5Bpython%5D+AI+agent+audit+trail+is%3Aquestion&searchOn=3 → 403 (16ms, 5750B)
[2026-04-07T20:44:16.070Z] GET https://stackoverflow.com/cdn-cgi/challenge-platform/h/b/orchestrate/chl_page/v1?ray=9e8bde885b63fe93 → 200 (34ms, 192484B)
[2026-04-07T20:44:16.115Z] GET blob:https://stackoverflow.com/c5ec1239-7411-4dba-826c-dbec50372e0f → pending (?ms, ?B)
[2026-04-07T20:44:16.126Z] GET https://challenges.cloudflare.com/turnstile/v0/b/625261456364/api.js?onload=OBvX9&render=explicit → 200 (2ms, 52567B)
[2026-04-07T20:44:16.293Z] POST https://stackoverflow.com/cdn-cgi/challenge-platform/h/b/flow/ov1/2571722764:1775592968:VCvsIy4c9BV9gvCzK6yasLc1ZjO0T_orBGQwdYjJpgw/9e8bde885b63fe93/6zEfdZvzyE.ik3eDvpC2sMN75qhE.UJBdIZ0E8pkyCE-1775594656-1.2.1.1-0PmJtCbt2H8vhYOxGS4k_Yht7D.cj08Z5ZF9j4OMTi5N_wXO.NYiaVmqbPMdG258 → 200 (52ms, 17216B)
[2026-04-07T20:44:16.330Z] GET blob:https://stackoverflow.com/84468065-8da7-4b8c-812e-74b70fbe8478 → 200 (19ms, 80B)
[2026-04-07T20:44:16.347Z] GET https://challenges.cloudflare.com/cdn-cgi/challenge-platform/h/b/turnstile/f/ov2/av0/rch/cmf20/0x4AAAAAAADnPIDROrmt1Wwj/light/fbE/new/normal?lang=auto → 200 (46ms, 239016B)
[2026-04-07T20:44:16.470Z] GET https://challenges.cloudflare.com/cdn-cgi/challenge-platform/h/b/cmg/1 → 200 (?ms, 86B)
[2026-04-07T20:44:16.493Z] GET blob:https://challenges.cloudflare.com/c10a798a-0d6b-4f64-b552-b393d226ece5 → pending (?ms, ?B)
[2026-04-07T20:44:16.675Z] POST https://challenges.cloudflare.com/cdn-cgi/challenge-platform/h/b/flow/ov1/3498548442:1775592970:PU40k1WFcgjs16s3ivZ9enBjU3_ksPkh0LXF6PVUALc/9e8bde8a3c3d0b68/2lQ8CcB90U73kk6bsdrurvWX0HQ8u03ikm0JY8xa1a0-1775594656-1.2.1.1-fgFP8vQQksu9VhLTLjCPvp7zUBoe_yCmPCrn9UJMvk5B69hWHBUfxHVmdCD5YEZe → 200 (205ms, 365392B)
[2026-04-07T20:44:16.953Z] GET blob:https://challenges.cloudflare.com/0c16a4bd-4724-4e6b-a01c-7a4562679f98 → 200 (12ms, 80B)
[2026-04-07T20:44:18.178Z] GET https://challenges.cloudflare.com/cdn-cgi/challenge-platform/h/b/d/9e8bde8a3c3d0b68/1775594656759/b4EdIp3fJqyV-O_ → 200 (15ms, 6960B)
[2026-04-07T20:44:18.201Z] GET https://challenges.cloudflare.com/cdn-cgi/challenge-platform/h/b/pat/9e8bde8a3c3d0b68/1775594656759/3706afcaba7ca165ef0056187492b9234653dd0ba8b044d8262e0973725364c5/qRqxeE2Rk7AQZQt → 401 (13ms, ?B)
[2026-04-07T20:44:19.038Z] GET blob:https://challenges.cloudflare.com/0c16a4bd-4724-4e6b-a01c-7a4562679f98 → 200 (5ms, 80B)
[2026-04-07T20:44:19.695Z] POST https://challenges.cloudflare.com/cdn-cgi/challenge-platform/h/b/flow/ov1/3498548442:1775592970:PU40k1WFcgjs16s3ivZ9enBjU3_ksPkh0LXF6PVUALc/9e8bde8a3c3d0b68/2lQ8CcB90U73kk6bsdrurvWX0HQ8u03ikm0JY8xa1a0-1775594656-1.2.1.1-fgFP8vQQksu9VhLTLjCPvp7zUBoe_yCmPCrn9UJMvk5B69hWHBUfxHVmdCD5YEZe → 200 (211ms, 29768B)
[2026-04-07T20:44:19.900Z] GET blob:https://challenges.cloudflare.com/e6a0a3af-e02b-415b-b0b7-a8653bac69d7 → 200 (13ms, 80B)
[2026-04-07T20:46:19.970Z] POST https://stackoverflow.com/cdn-cgi/challenge-platform/h/b/flow/ov1/2571722764:1775592968:VCvsIy4c9BV9gvCzK6yasLc1ZjO0T_orBGQwdYjJpgw/9e8bde885b63fe93/6zEfdZvzyE.ik3eDvpC2sMN75qhE.UJBdIZ0E8pkyCE-1775594656-1.2.1.1-0PmJtCbt2H8vhYOxGS4k_Yht7D.cj08Z5ZF9j4OMTi5N_wXO.NYiaVmqbPMdG258 → 200 (24ms, 3040B)
[2026-04-07T20:46:34.996Z] GET https://stackoverflow.com/search?q=%5Bpython%5D+AI+agent+audit+trail+is%3Aquestion&searchOn=3 → 403 (56ms, 5750B)
[2026-04-07T20:46:35.059Z] GET https://stackoverflow.com/cdn-cgi/challenge-platform/h/b/orchestrate/chl_page/v1?ray=9e8be1ecfd5ffe93 → 200 (109ms, 196338B)
[2026-04-07T20:46:35.179Z] GET blob:https://stackoverflow.com/65c6bd50-a7c5-429c-8276-e4769962b87f → pending (?ms, ?B)
[2026-04-07T20:46:35.189Z] GET https://challenges.cloudflare.com/turnstile/v0/b/625261456364/api.js?onload=OBvX9&render=explicit → 200 (1ms, 52567B)
[2026-04-07T20:46:35.343Z] POST https://stackoverflow.com/cdn-cgi/challenge-platform/h/b/flow/ov1/2571722764:1775592968:VCvsIy4c9BV9gvCzK6yasLc1ZjO0T_orBGQwdYjJpgw/9e8be1ecfd5ffe93/j.1r8dy8kY7gXSFkgoXCA6Ee8_5NPrKPQC9cAeHzZjw-1775594795-1.2.1.1-Klb3KHypRwSm2zDlHqoDCr.RyhHUiN1ZRIaKNG6cEp.7vgHuHrNrsF2LL1qiFGZ. → 200 (42ms, 17216B)
[2026-04-07T20:46:35.377Z] GET blob:https://stackoverflow.com/7dd83875-5ef7-443c-847d-84c0bf950903 → 200 (15ms, 80B)
[2026-04-07T20:46:35.388Z] GET https://challenges.cloudflare.com/cdn-cgi/challenge-platform/h/b/turnstile/f/ov2/av0/rch/ukuz8/0x4AAAAAAADnPIDROrmt1Wwj/light/fbE/new/normal?lang=auto → 200 (52ms, 239342B)
[2026-04-07T20:46:35.479Z] GET https://challenges.cloudflare.com/cdn-cgi/challenge-platform/h/b/cmg/1 → 200 (18ms, 86B)
[2026-04-07T20:46:35.518Z] GET blob:https://challenges.cloudflare.com/bd1894be-0a06-4587-afb4-f9bdf8b3fd1c → pending (?ms, ?B)
[2026-04-07T20:46:35.689Z] POST https://challenges.cloudflare.com/cdn-cgi/challenge-platform/h/b/flow/ov1/3498548442:1775592970:PU40k1WFcgjs16s3ivZ9enBjU3_ksPkh0LXF6PVUALc/9e8be1ef3cc2f5ec/q70REyREatxQ9_m1Dd4JMSMZztIv4AiM3yItCLxltfU-1775594795-1.2.1.1-NQhup_c3xl51nti5YsrZ7sX_Lll8v8bW5_Zpg01eKszA7Zchw3bSUNt1fhYQ.atU → 200 (102ms, 365376B)
[2026-04-07T20:46:35.915Z] GET blob:https://challenges.cloudflare.com/d99ed832-eb4e-48f8-8548-6a16bf71aa79 → 200 (63ms, 80B)
[2026-04-07T20:46:36.033Z] GET https://challenges.cloudflare.com/cdn-cgi/challenge-platform/h/b/d/9e8be1ef3cc2f5ec/1775594795697/mBUEQ6LtNycmPbL → 200 (57ms, 3215B)
[2026-04-07T20:46:36.201Z] GET blob:https://challenges.cloudflare.com/d99ed832-eb4e-48f8-8548-6a16bf71aa79 → 200 (12ms, 80B)
[2026-04-07T20:46:36.228Z] GET https://challenges.cloudflare.com/cdn-cgi/challenge-platform/h/b/pat/9e8be1ef3cc2f5ec/1775594795698/49b35396de87c94faf462b23079c6fa7cf97f886e32e60b77064dc0b85520a48/YpxM-ARejQnUGiW → 401 (23ms, ?B)
[2026-04-07T20:46:37.389Z] POST https://challenges.cloudflare.com/cdn-cgi/challenge-platform/h/b/flow/ov1/3498548442:1775592970:PU40k1WFcgjs16s3ivZ9enBjU3_ksPkh0LXF6PVUALc/9e8be1ef3cc2f5ec/q70REyREatxQ9_m1Dd4JMSMZztIv4AiM3yItCLxltfU-1775594795-1.2.1.1-NQhup_c3xl51nti5YsrZ7sX_Lll8v8bW5_Zpg01eKszA7Zchw3bSUNt1fhYQ.atU → 200 (43ms, 29792B)
[2026-04-07T20:46:37.456Z] GET blob:https://challenges.cloudflare.com/0a572009-67f3-4c30-9350-25676a5e1a33 → 200 (13ms, 80B)
[2026-04-07T20:48:37.509Z] POST https://stackoverflow.com/cdn-cgi/challenge-platform/h/b/flow/ov1/2571722764:1775592968:VCvsIy4c9BV9gvCzK6yasLc1ZjO0T_orBGQwdYjJpgw/9e8be1ecfd5ffe93/j.1r8dy8kY7gXSFkgoXCA6Ee8_5NPrKPQC9cAeHzZjw-1775594795-1.2.1.1-Klb3KHypRwSm2zDlHqoDCr.RyhHUiN1ZRIaKNG6cEp.7vgHuHrNrsF2LL1qiFGZ. → 200 (20ms, 3040B)
[2026-04-07T20:48:52.527Z] GET https://stackoverflow.com/search?q=%5Bpython%5D+AI+agent+audit+trail+is%3Aquestion&searchOn=3 → 403 (16ms, 5750B)
[2026-04-07T20:48:52.551Z] GET https://stackoverflow.com/cdn-cgi/challenge-platform/h/b/orchestrate/chl_page/v1?ray=9e8be5484a8bfe93 → 200 (31ms, 197345B)
[2026-04-07T20:48:52.593Z] GET blob:https://stackoverflow.com/97489465-9d28-447c-9ca7-6aeae476b371 → pending (?ms, ?B)
[2026-04-07T20:48:52.604Z] GET https://challenges.cloudflare.com/turnstile/v0/b/625261456364/api.js?onload=OBvX9&render=explicit → 200 (1ms, 52567B)
[2026-04-07T20:48:52.767Z] POST https://stackoverflow.com/cdn-cgi/challenge-platform/h/b/flow/ov1/2571722764:1775592968:VCvsIy4c9BV9gvCzK6yasLc1ZjO0T_orBGQwdYjJpgw/9e8be5484a8bfe93/EP5qsjvimwiLRlzjUL2oci48CuaRrHBNrH2nzycZQTs-1775594932-1.2.1.1-EFdI.r2BLI7iQhVUdyhb1a4am7_h7vdWgUd5L4BaZKwR1h3RYcFRTqtS.htgN1Qa → 200 (44ms, 17244B)
[2026-04-07T20:48:52.803Z] GET blob:https://stackoverflow.com/b47a6fb7-a15a-4a52-922f-06a1aa600c29 → 200 (13ms, 80B)
[2026-04-07T20:48:52.813Z] GET https://challenges.cloudflare.com/cdn-cgi/challenge-platform/h/b/turnstile/f/ov2/av0/rch/ci82j/0x4AAAAAAADnPIDROrmt1Wwj/light/fbE/new/normal?lang=auto → 200 (45ms, 248751B)
[2026-04-07T20:48:52.947Z] GET https://challenges.cloudflare.com/cdn-cgi/challenge-platform/h/b/cmg/1 → 200 (?ms, 86B)
[2026-04-07T20:48:52.955Z] GET blob:https://challenges.cloudflare.com/4133c20f-ae55-4c7f-a9a9-2fb62cee8961 → pending (?ms, ?B)
[2026-04-07T20:48:53.134Z] POST https://challenges.cloudflare.com/cdn-cgi/challenge-platform/h/b/flow/ov1/3498548442:1775592970:PU40k1WFcgjs16s3ivZ9enBjU3_ksPkh0LXF6PVUALc/9e8be54a2b769727/DbQwhYtXMcjxS2SUR.kJEqE9pA_csSg5t.6lazwTv1s-1775594932-1.2.1.1-Fzj6DVvS2o17Ng9DII8Qq3LW59_I1CxPigUL_6SQ_oHtH56ZoilZoNe0Aa_imqid → 200 (170ms, ?B)
[2026-04-07T20:48:53.394Z] GET blob:https://challenges.cloudflare.com/4bb9528c-039d-4394-8c05-67d58cab6be7 → pending (?ms, ?B)
[2026-04-07T20:48:53.582Z] GET https://challenges.cloudflare.com/cdn-cgi/challenge-platform/h/b/pat/9e8be54a2b769727/1775594933149/30de54f770728bf4e28ce08d580a1b367be9c6747fe8cf1f503d1a6c8084ba91/m_jFY9cwYIxSLPe → 401 (12ms, 1B)
[2026-04-07T20:48:54.276Z] GET https://challenges.cloudflare.com/cdn-cgi/challenge-platform/h/b/d/9e8be54a2b769727/1775594933150/Cp3r0_4-8nTxjw7 → 200 (14ms, 3752B)
[2026-04-07T20:48:55.027Z] GET blob:https://challenges.cloudflare.com/4bb9528c-039d-4394-8c05-67d58cab6be7 → 200 (9ms, 80B)
[2026-04-07T20:48:55.470Z] POST https://challenges.cloudflare.com/cdn-cgi/challenge-platform/h/b/flow/ov1/3498548442:1775592970:PU40k1WFcgjs16s3ivZ9enBjU3_ksPkh0LXF6PVUALc/9e8be54a2b769727/DbQwhYtXMcjxS2SUR.kJEqE9pA_csSg5t.6lazwTv1s-1775594932-1.2.1.1-Fzj6DVvS2o17Ng9DII8Qq3LW59_I1CxPigUL_6SQ_oHtH56ZoilZoNe0Aa_imqid → 200 (220ms, 29816B)
[2026-04-07T20:48:55.684Z] GET blob:https://challenges.cloudflare.com/36326c80-822e-4d3c-8d20-45d6813b8316 → 200 (9ms, 80B)
[2026-04-07T20:50:55.812Z] POST https://stackoverflow.com/cdn-cgi/challenge-platform/h/b/flow/ov1/2571722764:1775592968:VCvsIy4c9BV9gvCzK6yasLc1ZjO0T_orBGQwdYjJpgw/9e8be5484a8bfe93/EP5qsjvimwiLRlzjUL2oci48CuaRrHBNrH2nzycZQTs-1775594932-1.2.1.1-EFdI.r2BLI7iQhVUdyhb1a4am7_h7vdWgUd5L4BaZKwR1h3RYcFRTqtS.htgN1Qa → 200 (30ms, 3040B)
[2026-04-07T20:51:10.811Z] GET https://stackoverflow.com/search?q=%5Bpython%5D+AI+agent+audit+trail+is%3Aquestion&searchOn=3 → 403 (33ms, 5750B)
[2026-04-07T20:51:10.848Z] GET https://stackoverflow.com/cdn-cgi/challenge-platform/h/b/orchestrate/chl_page/v1?ray=9e8be8a89ceafe93 → 200 (109ms, 210991B)
[2026-04-07T20:51:10.968Z] GET blob:https://stackoverflow.com/d90f43b7-f1e0-4487-bc35-e8d0dfe39722 → pending (?ms, ?B)
[2026-04-07T20:51:10.978Z] GET https://challenges.cloudflare.com/turnstile/v0/b/625261456364/api.js?onload=OBvX9&render=explicit → 200 (4ms, 52567B)
[2026-04-07T20:51:11.157Z] POST https://stackoverflow.com/cdn-cgi/challenge-platform/h/b/flow/ov1/2571722764:1775592968:VCvsIy4c9BV9gvCzK6yasLc1ZjO0T_orBGQwdYjJpgw/9e8be8a89ceafe93/A1EB1LcL7LG0cJfYEfQOEnzbdf8NWm.rmV3TfQEKuxk-1775595070-1.2.1.1-8DSpqcPDOotq8IsZdL2d1K_hdarJW5GjnqnvP6hgsHDVpOLqPZc_gvY3yhmorGDM → 200 (44ms, 17208B)
[2026-04-07T20:51:11.188Z] GET blob:https://stackoverflow.com/982cef20-b0cf-4440-b7dc-44001e1971f2 → 200 (16ms, 80B)
[2026-04-07T20:51:11.202Z] GET https://challenges.cloudflare.com/cdn-cgi/challenge-platform/h/b/turnstile/f/ov2/av0/rch/2pfeh/0x4AAAAAAADnPIDROrmt1Wwj/light/fbE/new/normal?lang=auto → 200 (35ms, 243812B)
[2026-04-07T20:51:11.321Z] GET https://challenges.cloudflare.com/cdn-cgi/challenge-platform/h/b/cmg/1 → 200 (1ms, 86B)
[2026-04-07T20:51:11.340Z] GET blob:https://challenges.cloudflare.com/855a16c7-81ef-41d1-bbad-8f6ea45ccc51 → pending (?ms, ?B)
[2026-04-07T20:51:11.524Z] POST https://challenges.cloudflare.com/cdn-cgi/challenge-platform/h/b/flow/ov1/3498548442:1775592970:PU40k1WFcgjs16s3ivZ9enBjU3_ksPkh0LXF6PVUALc/9e8be8ab0e5e0e3d/LPhA_P.ekDAQKB6.8R0Xxb0KvWJvuv54SBmnXIFN6fU-1775595071-1.2.1.1-bcvISnk2282MqQYkrDYtBkeYIyvsw1hDStQO_VdU9DXnfPwBaXkSqX.w4N.DcAG6 → 200 (160ms, 390140B)
[2026-04-07T20:51:11.749Z] GET blob:https://challenges.cloudflare.com/05e880bc-a6f0-4d0c-870d-5cd23f79a512 → 200 (88ms, 80B)
[2026-04-07T20:51:11.959Z] GET blob:https://challenges.cloudflare.com/05e880bc-a6f0-4d0c-870d-5cd23f79a512 → 200 (15ms, 80B)
[2026-04-07T20:51:12.250Z] GET https://challenges.cloudflare.com/cdn-cgi/challenge-platform/h/b/d/9e8be8ab0e5e0e3d/1775595071536/aCVAjjxgbnKitA9 → 200 (14ms, 440B)
[2026-04-07T20:51:12.277Z] GET https://challenges.cloudflare.com/cdn-cgi/challenge-platform/h/b/pat/9e8be8ab0e5e0e3d/1775595071536/1a3b96ea9d264cd3ab294a92985a51b1653151031f0abc68f8e6467efc9d4b24/TvA9qYFMnszL-yF → 401 (14ms, ?B)
[2026-04-07T20:51:12.310Z] GET blob:https://challenges.cloudflare.com/05e880bc-a6f0-4d0c-870d-5cd23f79a512 → pending (?ms, ?B)
[2026-04-07T20:51:12.311Z] GET blob:https://challenges.cloudflare.com/05e880bc-a6f0-4d0c-870d-5cd23f79a512 → pending (?ms, ?B)
[2026-04-07T20:51:12.311Z] GET blob:https://challenges.cloudflare.com/05e880bc-a6f0-4d0c-870d-5cd23f79a512 → pending (?ms, ?B)
[2026-04-07T20:51:12.313Z] GET blob:https://challenges.cloudflare.com/05e880bc-a6f0-4d0c-870d-5cd23f79a512 → 200 (30ms, ?B)
[2026-04-07T20:51:12.313Z] GET blob:https://challenges.cloudflare.com/05e880bc-a6f0-4d0c-870d-5cd23f79a512 → 200 (29ms, ?B)
[2026-04-07T20:51:12.314Z] GET blob:https://challenges.cloudflare.com/05e880bc-a6f0-4d0c-870d-5cd23f79a512 → 200 (20ms, ?B)
[2026-04-07T20:51:14.965Z] POST https://challenges.cloudflare.com/cdn-cgi/challenge-platform/h/b/flow/ov1/3498548442:1775592970:PU40k1WFcgjs16s3ivZ9enBjU3_ksPkh0LXF6PVUALc/9e8be8ab0e5e0e3d/LPhA_P.ekDAQKB6.8R0Xxb0KvWJvuv54SBmnXIFN6fU-1775595071-1.2.1.1-bcvISnk2282MqQYkrDYtBkeYIyvsw1hDStQO_VdU9DXnfPwBaXkSqX.w4N.DcAG6 → 200 (193ms, 29784B)
[2026-04-07T20:51:15.146Z] GET blob:https://challenges.cloudflare.com/19599ac8-1ee3-4421-ac79-e8c5ab965080 → 200 (16ms, 80B)
